2024-03-04 20:03:51.097 [info] Log level: Info
2024-03-04 20:03:51.097 [info] Validating found git in: "git"
2024-03-04 20:03:51.097 [info] Using git "2.44.0" from "git"
2024-03-04 20:03:51.097 [info] > git rev-parse --show-toplevel [3ms]
2024-03-04 20:03:51.105 [info] > git rev-parse --git-dir --git-common-dir [2ms]
2024-03-04 20:03:51.120 [info] Open repository: /home/erwan/hyprland-dots-files
2024-03-04 20:03:51.169 [info] > git rev-parse --show-toplevel [34ms]
2024-03-04 20:03:51.173 [info] > git config --get commit.template [41ms]
2024-03-04 20:03:51.213 [info] > git rev-parse --show-toplevel [16ms]
2024-03-04 20:03:51.215 [info] > git for-each-ref --format=%(refname)%00%(upstream:short)%00%(objectname)%00%(upstream:track)%00%(upstream:remotename)%00%(upstream:remoteref) refs/heads/main refs/remotes/main [4ms]
2024-03-04 20:03:51.229 [info] > git status -z -uall [3ms]
2024-03-04 20:03:51.248 [info] > git config --get commit.template [6ms]
2024-03-04 20:03:51.249 [info] > git for-each-ref --format=%(refname)%00%(upstream:short)%00%(objectname)%00%(upstream:track)%00%(upstream:remotename)%00%(upstream:remoteref) refs/heads/main refs/remotes/main [1ms]
2024-03-04 20:03:51.260 [info] > git status -z -uall [4ms]
2024-03-04 20:03:51.691 [info] > git check-ignore -v -z --stdin [3ms]
2024-03-04 20:03:53.744 [info] > git show --textconv :hyprland_install.sh [5ms]
2024-03-04 20:03:53.745 [info] > git ls-files --stage -- /home/erwan/hyprland-dots-files/hyprland_install.sh [2ms]
2024-03-04 20:03:55.030 [info] > git config --get commit.template [8ms]
2024-03-04 20:03:55.031 [info] > git for-each-ref --format=%(refname)%00%(upstream:short)%00%(objectname)%00%(upstream:track)%00%(upstream:remotename)%00%(upstream:remoteref) refs/heads/main refs/remotes/main [3ms]
2024-03-04 20:03:55.040 [info] > git status -z -uall [1ms]
2024-03-04 20:04:00.051 [info] > git config --get commit.template [1ms]
2024-03-04 20:04:00.057 [info] > git for-each-ref --format=%(refname)%00%(upstream:short)%00%(objectname)%00%(upstream:track)%00%(upstream:remotename)%00%(upstream:remoteref) refs/heads/main refs/remotes/main [2ms]
2024-03-04 20:04:00.065 [info] > git status -z -uall [1ms]
2024-03-04 20:04:14.883 [info] > git config --get commit.template [8ms]
2024-03-04 20:04:14.884 [info] > git for-each-ref --format=%(refname)%00%(upstream:short)%00%(objectname)%00%(upstream:track)%00%(upstream:remotename)%00%(upstream:remoteref) refs/heads/main refs/remotes/main [2ms]
2024-03-04 20:04:14.893 [info] > git status -z -uall [2ms]
