2024-03-04 20:21:31.617 [info] Log level: Info
2024-03-04 20:21:31.617 [info] Validating found git in: "git"
2024-03-04 20:21:31.617 [info] Using git "2.44.0" from "git"
2024-03-04 20:21:44.076 [info] Log level: Info
2024-03-04 20:21:44.076 [info] Validating found git in: "git"
2024-03-04 20:21:44.076 [info] Using git "2.44.0" from "git"
2024-03-04 20:21:44.076 [info] > git rev-parse --show-toplevel [15ms]
2024-03-04 20:21:44.091 [info] > git rev-parse --git-dir --git-common-dir [4ms]
2024-03-04 20:21:44.120 [info] Open repository: /home/erwan/hyprland-dots-files
2024-03-04 20:21:44.137 [info] > git config --get commit.template [5ms]
2024-03-04 20:21:44.138 [info] > git rev-parse --show-toplevel [3ms]
2024-03-04 20:21:44.157 [info] > git for-each-ref --format=%(refname)%00%(upstream:short)%00%(objectname)%00%(upstream:track)%00%(upstream:remotename)%00%(upstream:remoteref) refs/heads/main refs/remotes/main [12ms]
2024-03-04 20:21:44.159 [info] > git rev-parse --show-toplevel [3ms]
2024-03-04 20:21:44.177 [info] > git status -z -uall [2ms]
2024-03-04 20:21:44.205 [info] > git config --get commit.template [7ms]
2024-03-04 20:21:44.205 [info] > git for-each-ref --format=%(refname)%00%(upstream:short)%00%(objectname)%00%(upstream:track)%00%(upstream:remotename)%00%(upstream:remoteref) refs/heads/main refs/remotes/main [2ms]
2024-03-04 20:21:44.222 [info] > git status -z -uall [9ms]
2024-03-04 20:21:44.595 [info] > git show --textconv :hyprland_install.sh [8ms]
2024-03-04 20:21:44.597 [info] > git ls-files --stage -- /home/erwan/hyprland-dots-files/hyprland_install.sh [2ms]
2024-03-04 20:21:44.700 [info] > git check-ignore -v -z --stdin [1ms]
2024-03-04 20:22:00.230 [info] > git config --get commit.template [8ms]
2024-03-04 20:22:00.231 [info] > git for-each-ref --format=%(refname)%00%(upstream:short)%00%(objectname)%00%(upstream:track)%00%(upstream:remotename)%00%(upstream:remoteref) refs/heads/main refs/remotes/main [2ms]
2024-03-04 20:22:00.241 [info] > git status -z -uall [2ms]
2024-03-04 20:22:05.847 [info] > git config --get commit.template [7ms]
2024-03-04 20:22:05.848 [info] > git for-each-ref --format=%(refname)%00%(upstream:short)%00%(objectname)%00%(upstream:track)%00%(upstream:remotename)%00%(upstream:remoteref) refs/heads/main refs/remotes/main [2ms]
2024-03-04 20:22:05.854 [info] > git status -z -uall [1ms]
2024-03-04 20:22:14.455 [info] > git config --get commit.template [8ms]
2024-03-04 20:22:14.456 [info] > git for-each-ref --format=%(refname)%00%(upstream:short)%00%(objectname)%00%(upstream:track)%00%(upstream:remotename)%00%(upstream:remoteref) refs/heads/main refs/remotes/main [2ms]
2024-03-04 20:22:14.465 [info] > git status -z -uall [2ms]
2024-03-04 20:22:44.437 [info] > git config --get commit.template [1ms]
2024-03-04 20:22:44.444 [info] > git for-each-ref --format=%(refname)%00%(upstream:short)%00%(objectname)%00%(upstream:track)%00%(upstream:remotename)%00%(upstream:remoteref) refs/heads/main refs/remotes/main [2ms]
2024-03-04 20:22:44.452 [info] > git status -z -uall [2ms]
2024-03-04 20:22:55.055 [info] > git config --get commit.template [8ms]
2024-03-04 20:22:55.056 [info] > git for-each-ref --format=%(refname)%00%(upstream:short)%00%(objectname)%00%(upstream:track)%00%(upstream:remotename)%00%(upstream:remoteref) refs/heads/main refs/remotes/main [2ms]
2024-03-04 20:22:55.065 [info] > git status -z -uall [2ms]
2024-03-04 20:23:27.846 [info] > git config --get commit.template [8ms]
2024-03-04 20:23:27.847 [info] > git for-each-ref --format=%(refname)%00%(upstream:short)%00%(objectname)%00%(upstream:track)%00%(upstream:remotename)%00%(upstream:remoteref) refs/heads/main refs/remotes/main [2ms]
2024-03-04 20:23:27.856 [info] > git status -z -uall [2ms]
2024-03-04 20:23:32.878 [info] > git config --get commit.template [9ms]
2024-03-04 20:23:32.879 [info] > git for-each-ref --format=%(refname)%00%(upstream:short)%00%(objectname)%00%(upstream:track)%00%(upstream:remotename)%00%(upstream:remoteref) refs/heads/main refs/remotes/main [2ms]
2024-03-04 20:23:32.888 [info] > git status -z -uall [2ms]
2024-03-04 20:23:37.910 [info] > git config --get commit.template [7ms]
2024-03-04 20:23:37.911 [info] > git for-each-ref --format=%(refname)%00%(upstream:short)%00%(objectname)%00%(upstream:track)%00%(upstream:remotename)%00%(upstream:remoteref) refs/heads/main refs/remotes/main [2ms]
2024-03-04 20:23:37.923 [info] > git status -z -uall [2ms]
2024-03-04 20:27:07.705 [info] > git check-ignore -v -z --stdin [1ms]
2024-03-04 20:27:31.689 [info] > git config --get commit.template [10ms]
2024-03-04 20:27:31.689 [info] > git for-each-ref --format=%(refname)%00%(upstream:short)%00%(objectname)%00%(upstream:track)%00%(upstream:remotename)%00%(upstream:remoteref) refs/heads/main refs/remotes/main [2ms]
2024-03-04 20:27:31.700 [info] > git status -z -uall [3ms]
2024-03-04 20:27:48.520 [info] > git show --textconv :20240304hyprland_install.sh [8ms]
2024-03-04 20:27:48.522 [info] > git ls-files --stage -- /home/erwan/hyprland-dots-files/20240304hyprland_install.sh [3ms]
2024-03-04 20:27:50.517 [info] > git show --textconv :hyprland_install.sh [6ms]
2024-03-04 20:27:50.517 [info] > git ls-files --stage -- /home/erwan/hyprland-dots-files/hyprland_install.sh [1ms]
2024-03-04 20:27:52.685 [info] > git config --get commit.template [1ms]
2024-03-04 20:27:52.688 [info] > git for-each-ref --format=%(refname)%00%(upstream:short)%00%(objectname)%00%(upstream:track)%00%(upstream:remotename)%00%(upstream:remoteref) refs/heads/main refs/remotes/main [0ms]
2024-03-04 20:27:52.692 [info] > git status -z -uall [0ms]
2024-03-04 20:27:53.571 [info] > git show --textconv :20240304hyprland_install.sh [8ms]
2024-03-04 20:27:53.573 [info] > git ls-files --stage -- /home/erwan/hyprland-dots-files/20240304hyprland_install.sh [3ms]
2024-03-04 20:27:54.412 [info] > git show --textconv :hyprland_install.sh [8ms]
2024-03-04 20:27:54.414 [info] > git ls-files --stage -- /home/erwan/hyprland-dots-files/hyprland_install.sh [2ms]
2024-03-04 20:27:57.701 [info] > git config --get commit.template [0ms]
2024-03-04 20:27:57.708 [info] > git for-each-ref --format=%(refname)%00%(upstream:short)%00%(objectname)%00%(upstream:track)%00%(upstream:remotename)%00%(upstream:remoteref) refs/heads/main refs/remotes/main [1ms]
2024-03-04 20:27:57.715 [info] > git status -z -uall [1ms]
2024-03-04 20:40:44.072 [info] > git config --get commit.template [8ms]
2024-03-04 20:40:44.073 [info] > git for-each-ref --format=%(refname)%00%(upstream:short)%00%(objectname)%00%(upstream:track)%00%(upstream:remotename)%00%(upstream:remoteref) refs/heads/main refs/remotes/main [1ms]
2024-03-04 20:40:44.082 [info] > git status -z -uall [2ms]
2024-03-04 20:41:05.666 [info] > git config --get commit.template [3ms]
2024-03-04 20:41:05.684 [info] > git for-each-ref --format=%(refname)%00%(upstream:short)%00%(objectname)%00%(upstream:track)%00%(upstream:remotename)%00%(upstream:remoteref) refs/heads/main refs/remotes/main [1ms]
2024-03-04 20:41:05.697 [info] > git status -z -uall [1ms]
2024-03-04 20:54:19.095 [info] > git check-ignore -v -z --stdin [0ms]
2024-03-04 20:54:40.311 [info] > git config --get commit.template [8ms]
2024-03-04 20:54:40.312 [info] > git for-each-ref --format=%(refname)%00%(upstream:short)%00%(objectname)%00%(upstream:track)%00%(upstream:remotename)%00%(upstream:remoteref) refs/heads/main refs/remotes/main [2ms]
2024-03-04 20:54:40.321 [info] > git status -z -uall [2ms]
2024-03-04 20:59:06.422 [info] > git config --get commit.template [9ms]
2024-03-04 20:59:06.423 [info] > git for-each-ref --format=%(refname)%00%(upstream:short)%00%(objectname)%00%(upstream:track)%00%(upstream:remotename)%00%(upstream:remoteref) refs/heads/main refs/remotes/main [1ms]
2024-03-04 20:59:06.430 [info] > git status -z -uall [1ms]
2024-03-04 20:59:56.431 [info] > git config --get commit.template [5ms]
2024-03-04 20:59:56.432 [info] > git for-each-ref --format=%(refname)%00%(upstream:short)%00%(objectname)%00%(upstream:track)%00%(upstream:remotename)%00%(upstream:remoteref) refs/heads/main refs/remotes/main [2ms]
2024-03-04 20:59:56.438 [info] > git status -z -uall [1ms]
2024-03-04 21:09:26.603 [info] > git config --get commit.template [1ms]
2024-03-04 21:09:26.608 [info] > git for-each-ref --format=%(refname)%00%(upstream:short)%00%(objectname)%00%(upstream:track)%00%(upstream:remotename)%00%(upstream:remoteref) refs/heads/main refs/remotes/main [1ms]
2024-03-04 21:09:26.612 [info] > git status -z -uall [1ms]
2024-03-04 21:10:14.796 [info] > git config --get commit.template [7ms]
2024-03-04 21:10:14.797 [info] > git for-each-ref --format=%(refname)%00%(upstream:short)%00%(objectname)%00%(upstream:track)%00%(upstream:remotename)%00%(upstream:remoteref) refs/heads/main refs/remotes/main [1ms]
2024-03-04 21:10:14.803 [info] > git status -z -uall [1ms]
2024-03-04 21:13:48.189 [info] > git config --get commit.template [7ms]
2024-03-04 21:13:48.190 [info] > git for-each-ref --format=%(refname)%00%(upstream:short)%00%(objectname)%00%(upstream:track)%00%(upstream:remotename)%00%(upstream:remoteref) refs/heads/main refs/remotes/main [1ms]
2024-03-04 21:13:48.198 [info] > git status -z -uall [1ms]
2024-03-04 21:15:20.676 [info] > git config --get commit.template [6ms]
2024-03-04 21:15:20.677 [info] > git for-each-ref --format=%(refname)%00%(upstream:short)%00%(objectname)%00%(upstream:track)%00%(upstream:remotename)%00%(upstream:remoteref) refs/heads/main refs/remotes/main [1ms]
2024-03-04 21:15:20.683 [info] > git status -z -uall [1ms]
2024-03-04 21:17:02.294 [info] > git config --get commit.template [11ms]
2024-03-04 21:17:02.295 [info] > git for-each-ref --format=%(refname)%00%(upstream:short)%00%(objectname)%00%(upstream:track)%00%(upstream:remotename)%00%(upstream:remoteref) refs/heads/main refs/remotes/main [2ms]
2024-03-04 21:17:02.308 [info] > git status -z -uall [2ms]
2024-03-04 21:17:19.231 [info] > git config --get commit.template [1ms]
2024-03-04 21:17:19.240 [info] > git for-each-ref --format=%(refname)%00%(upstream:short)%00%(objectname)%00%(upstream:track)%00%(upstream:remotename)%00%(upstream:remoteref) refs/heads/main refs/remotes/main [1ms]
2024-03-04 21:17:19.251 [info] > git status -z -uall [2ms]
2024-03-04 21:17:24.286 [info] > git config --get commit.template [10ms]
2024-03-04 21:17:24.287 [info] > git for-each-ref --format=%(refname)%00%(upstream:short)%00%(objectname)%00%(upstream:track)%00%(upstream:remotename)%00%(upstream:remoteref) refs/heads/main refs/remotes/main [1ms]
2024-03-04 21:17:24.299 [info] > git status -z -uall [3ms]
2024-03-04 21:17:31.857 [info] > git config --get commit.template [7ms]
2024-03-04 21:17:31.858 [info] > git for-each-ref --format=%(refname)%00%(upstream:short)%00%(objectname)%00%(upstream:track)%00%(upstream:remotename)%00%(upstream:remoteref) refs/heads/main refs/remotes/main [2ms]
2024-03-04 21:17:31.865 [info] > git status -z -uall [1ms]
2024-03-04 21:17:36.878 [info] > git config --get commit.template [1ms]
2024-03-04 21:17:36.886 [info] > git for-each-ref --format=%(refname)%00%(upstream:short)%00%(objectname)%00%(upstream:track)%00%(upstream:remotename)%00%(upstream:remoteref) refs/heads/main refs/remotes/main [1ms]
2024-03-04 21:17:36.895 [info] > git status -z -uall [1ms]
2024-03-04 21:17:47.597 [info] > git config --get commit.template [1ms]
2024-03-04 21:17:47.605 [info] > git for-each-ref --format=%(refname)%00%(upstream:short)%00%(objectname)%00%(upstream:track)%00%(upstream:remotename)%00%(upstream:remoteref) refs/heads/main refs/remotes/main [1ms]
2024-03-04 21:17:47.613 [info] > git status -z -uall [1ms]
2024-03-04 21:17:52.628 [info] > git config --get commit.template [1ms]
2024-03-04 21:17:52.639 [info] > git for-each-ref --format=%(refname)%00%(upstream:short)%00%(objectname)%00%(upstream:track)%00%(upstream:remotename)%00%(upstream:remoteref) refs/heads/main refs/remotes/main [2ms]
2024-03-04 21:17:52.651 [info] > git status -z -uall [3ms]
2024-03-04 21:17:56.404 [info] > git check-ignore -v -z --stdin [1ms]
