2024-03-04 20:21:12.292 [info] Added views:workbench.panel.markers.view in workbench.panel.markers
2024-03-04 20:21:12.292 [info] Added views:workbench.panel.output in workbench.panel.output
2024-03-04 20:21:12.292 [info] Added views:terminal in terminal
2024-03-04 20:21:12.292 [info] Added views:outline in workbench.view.explorer
2024-03-04 20:21:12.292 [info] Added views:workbench.scm in workbench.view.scm
2024-03-04 20:21:12.292 [info] Added views:workbench.view.search in workbench.view.search
2024-03-04 20:21:12.292 [info] Added views:timeline in workbench.view.explorer
2024-03-04 20:21:12.292 [info] Added views:workbench.explorer.fileView in workbench.view.explorer
2024-03-04 20:21:12.498 [info] Added views:workbench.debug.welcome in workbench.view.debug
2024-03-04 20:21:13.232 [info] Added views:workbench.panel.repl.view in workbench.panel.repl
2024-03-04 20:21:14.100 [info] Added views:~remote.forwardedPorts in ~remote.forwardedPortsContainer
2024-03-04 21:00:24.534 [info] Added views:workbench.views.extensions.installed,workbench.views.extensions.popular,extensions.recommendedList in workbench.view.extensions
2024-03-04 21:00:24.538 [info] Removed views:workbench.views.extensions.popular from workbench.view.extensions
2024-03-04 21:00:31.208 [info] Removed views:extensions.recommendedList,workbench.views.extensions.installed from workbench.view.extensions
2024-03-04 21:00:31.213 [info] Added views:workbench.views.extensions.marketplace in workbench.view.extensions
2024-03-04 21:02:21.285 [info] Removed views:workbench.views.extensions.marketplace from workbench.view.extensions
2024-03-04 21:02:21.309 [info] Added views:workbench.views.extensions.installed,extensions.recommendedList in workbench.view.extensions
2024-03-04 21:02:23.052 [info] Removed views:extensions.recommendedList,workbench.views.extensions.installed from workbench.view.extensions
2024-03-04 21:02:23.056 [info] Added views:workbench.views.extensions.marketplace in workbench.view.extensions
2024-03-04 21:05:33.071 [info] Removed views:workbench.views.extensions.marketplace from workbench.view.extensions
2024-03-04 21:05:33.078 [info] Added views:workbench.views.extensions.installed,extensions.recommendedList in workbench.view.extensions
2024-03-04 21:05:36.253 [info] Removed views:extensions.recommendedList,workbench.views.extensions.installed from workbench.view.extensions
2024-03-04 21:05:36.257 [info] Added views:workbench.views.extensions.marketplace in workbench.view.extensions
2024-03-04 21:06:21.765 [info] Removed views:workbench.views.extensions.marketplace from workbench.view.extensions
2024-03-04 21:06:21.770 [info] Added views:workbench.views.extensions.installed,extensions.recommendedList in workbench.view.extensions
2024-03-04 21:06:22.907 [info] Removed views:extensions.recommendedList,workbench.views.extensions.installed from workbench.view.extensions
2024-03-04 21:06:22.910 [info] Added views:workbench.views.extensions.marketplace in workbench.view.extensions
2024-03-04 21:08:26.620 [info] Removed views:workbench.views.extensions.marketplace from workbench.view.extensions
2024-03-04 21:08:26.626 [info] Added views:workbench.views.extensions.installed,extensions.recommendedList in workbench.view.extensions
