2024-03-03 21:46:35.864 [info] Log level: Info
2024-03-03 21:46:35.864 [info] Validating found git in: "git"
2024-03-03 21:46:35.864 [info] Using git "2.44.0" from "git"
2024-03-03 21:46:53.794 [info] > git rev-parse --show-toplevel [2ms]
2024-03-03 21:47:02.044 [info] Log level: Info
2024-03-03 21:47:02.044 [info] Validating found git in: "git"
2024-03-03 21:47:02.044 [info] Using git "2.44.0" from "git"
2024-03-03 21:47:02.044 [info] > git rev-parse --show-toplevel [9ms]
2024-03-03 21:47:02.045 [info] > git rev-parse --git-dir --git-common-dir [2ms]
2024-03-03 21:47:02.058 [info] Open repository: /home/erwan/hyprland-dots-files
2024-03-03 21:47:02.104 [info] > git config --get commit.template [31ms]
2024-03-03 21:47:02.147 [info] > git for-each-ref --format=%(refname)%00%(upstream:short)%00%(objectname)%00%(upstream:track)%00%(upstream:remotename)%00%(upstream:remoteref) refs/heads/main refs/remotes/main [3ms]
2024-03-03 21:47:02.163 [info] > git status -z -uall [4ms]
2024-03-03 21:47:02.194 [info] > git config --get commit.template [9ms]
2024-03-03 21:47:02.194 [info] > git for-each-ref --format=%(refname)%00%(upstream:short)%00%(objectname)%00%(upstream:track)%00%(upstream:remotename)%00%(upstream:remoteref) refs/heads/main refs/remotes/main [2ms]
2024-03-03 21:47:02.202 [info] > git status -z -uall [2ms]
2024-03-03 21:47:02.613 [info] > git check-ignore -v -z --stdin [3ms]
2024-03-03 21:47:06.608 [info] > git check-ignore -v -z --stdin [1ms]
2024-03-03 21:47:07.176 [info] > git config --get commit.template [2ms]
2024-03-03 21:47:07.183 [info] > git for-each-ref --format=%(refname)%00%(upstream:short)%00%(objectname)%00%(upstream:track)%00%(upstream:remotename)%00%(upstream:remoteref) refs/heads/main refs/remotes/main [1ms]
2024-03-03 21:47:07.190 [info] > git status -z -uall [1ms]
2024-03-03 21:47:07.725 [info] > git show --textconv :Untitled-1.sh [9ms]
2024-03-03 21:47:07.727 [info] > git ls-files --stage -- /home/erwan/hyprland-dots-files/Untitled-1.sh [3ms]
2024-03-03 21:57:10.185 [info] > git config --get commit.template [2ms]
2024-03-03 21:57:10.192 [info] > git for-each-ref --format=%(refname)%00%(upstream:short)%00%(objectname)%00%(upstream:track)%00%(upstream:remotename)%00%(upstream:remoteref) refs/heads/main refs/remotes/main [1ms]
2024-03-03 21:57:10.200 [info] > git status -z -uall [2ms]
2024-03-03 21:57:31.759 [info] > git config --get commit.template [5ms]
2024-03-03 21:57:31.760 [info] > git for-each-ref --format=%(refname)%00%(upstream:short)%00%(objectname)%00%(upstream:track)%00%(upstream:remotename)%00%(upstream:remoteref) refs/heads/main refs/remotes/main [2ms]
2024-03-03 21:57:31.763 [info] > git status -z -uall [0ms]
2024-03-03 21:59:45.017 [info] > git config --get commit.template [1ms]
2024-03-03 21:59:45.023 [info] > git for-each-ref --format=%(refname)%00%(upstream:short)%00%(objectname)%00%(upstream:track)%00%(upstream:remotename)%00%(upstream:remoteref) refs/heads/main refs/remotes/main [1ms]
2024-03-03 21:59:45.031 [info] > git status -z -uall [2ms]
2024-03-03 21:59:50.049 [info] > git config --get commit.template [7ms]
2024-03-03 21:59:50.050 [info] > git for-each-ref --format=%(refname)%00%(upstream:short)%00%(objectname)%00%(upstream:track)%00%(upstream:remotename)%00%(upstream:remoteref) refs/heads/main refs/remotes/main [2ms]
2024-03-03 21:59:50.056 [info] > git status -z -uall [1ms]
2024-03-03 22:05:19.280 [info] > git config --get commit.template [8ms]
2024-03-03 22:05:19.281 [info] > git for-each-ref --format=%(refname)%00%(upstream:short)%00%(objectname)%00%(upstream:track)%00%(upstream:remotename)%00%(upstream:remoteref) refs/heads/main refs/remotes/main [2ms]
2024-03-03 22:05:19.288 [info] > git status -z -uall [1ms]
2024-03-03 22:05:24.297 [info] > git config --get commit.template [1ms]
2024-03-03 22:05:24.305 [info] > git for-each-ref --format=%(refname)%00%(upstream:short)%00%(objectname)%00%(upstream:track)%00%(upstream:remotename)%00%(upstream:remoteref) refs/heads/main refs/remotes/main [2ms]
2024-03-03 22:05:24.313 [info] > git status -z -uall [2ms]
2024-03-03 22:05:29.331 [info] > git config --get commit.template [7ms]
2024-03-03 22:05:29.332 [info] > git for-each-ref --format=%(refname)%00%(upstream:short)%00%(objectname)%00%(upstream:track)%00%(upstream:remotename)%00%(upstream:remoteref) refs/heads/main refs/remotes/main [2ms]
2024-03-03 22:05:29.339 [info] > git status -z -uall [1ms]
2024-03-03 22:05:36.299 [info] > git config --get commit.template [7ms]
2024-03-03 22:05:36.300 [info] > git for-each-ref --format=%(refname)%00%(upstream:short)%00%(objectname)%00%(upstream:track)%00%(upstream:remotename)%00%(upstream:remoteref) refs/heads/main refs/remotes/main [1ms]
2024-03-03 22:05:36.307 [info] > git status -z -uall [2ms]
2024-03-03 22:05:41.320 [info] > git config --get commit.template [1ms]
2024-03-03 22:05:41.327 [info] > git for-each-ref --format=%(refname)%00%(upstream:short)%00%(objectname)%00%(upstream:track)%00%(upstream:remotename)%00%(upstream:remoteref) refs/heads/main refs/remotes/main [1ms]
2024-03-03 22:05:41.333 [info] > git status -z -uall [2ms]
2024-03-03 22:05:46.342 [info] > git config --get commit.template [0ms]
2024-03-03 22:05:46.346 [info] > git for-each-ref --format=%(refname)%00%(upstream:short)%00%(objectname)%00%(upstream:track)%00%(upstream:remotename)%00%(upstream:remoteref) refs/heads/main refs/remotes/main [0ms]
2024-03-03 22:05:46.350 [info] > git status -z -uall [0ms]
2024-03-03 22:05:51.984 [info] > git config --get commit.template [7ms]
2024-03-03 22:05:51.985 [info] > git for-each-ref --format=%(refname)%00%(upstream:short)%00%(objectname)%00%(upstream:track)%00%(upstream:remotename)%00%(upstream:remoteref) refs/heads/main refs/remotes/main [2ms]
2024-03-03 22:05:51.992 [info] > git status -z -uall [2ms]
2024-03-03 22:05:57.011 [info] > git config --get commit.template [7ms]
2024-03-03 22:05:57.012 [info] > git for-each-ref --format=%(refname)%00%(upstream:short)%00%(objectname)%00%(upstream:track)%00%(upstream:remotename)%00%(upstream:remoteref) refs/heads/main refs/remotes/main [2ms]
2024-03-03 22:05:57.019 [info] > git status -z -uall [2ms]
2024-03-03 22:06:11.299 [info] > git config --get commit.template [7ms]
2024-03-03 22:06:11.299 [info] > git for-each-ref --format=%(refname)%00%(upstream:short)%00%(objectname)%00%(upstream:track)%00%(upstream:remotename)%00%(upstream:remoteref) refs/heads/main refs/remotes/main [1ms]
2024-03-03 22:06:11.306 [info] > git status -z -uall [1ms]
2024-03-03 22:06:16.410 [info] > git config --get commit.template [4ms]
2024-03-03 22:06:16.411 [info] > git for-each-ref --format=%(refname)%00%(upstream:short)%00%(objectname)%00%(upstream:track)%00%(upstream:remotename)%00%(upstream:remoteref) refs/heads/main refs/remotes/main [2ms]
2024-03-03 22:06:16.418 [info] > git status -z -uall [1ms]
2024-03-03 22:06:25.430 [info] > git config --get commit.template [3ms]
2024-03-03 22:06:25.430 [info] > git for-each-ref --format=%(refname)%00%(upstream:short)%00%(objectname)%00%(upstream:track)%00%(upstream:remotename)%00%(upstream:remoteref) refs/heads/main refs/remotes/main [0ms]
2024-03-03 22:06:25.434 [info] > git status -z -uall [1ms]
2024-03-03 22:14:45.104 [info] > git config --get commit.template [8ms]
2024-03-03 22:14:45.105 [info] > git for-each-ref --format=%(refname)%00%(upstream:short)%00%(objectname)%00%(upstream:track)%00%(upstream:remotename)%00%(upstream:remoteref) refs/heads/main refs/remotes/main [2ms]
2024-03-03 22:14:45.112 [info] > git status -z -uall [1ms]
2024-03-03 22:14:50.163 [info] > git config --get commit.template [8ms]
2024-03-03 22:14:50.164 [info] > git for-each-ref --format=%(refname)%00%(upstream:short)%00%(objectname)%00%(upstream:track)%00%(upstream:remotename)%00%(upstream:remoteref) refs/heads/main refs/remotes/main [2ms]
2024-03-03 22:14:50.171 [info] > git status -z -uall [2ms]
2024-03-03 22:16:10.170 [info] > git config --get commit.template [7ms]
2024-03-03 22:16:10.170 [info] > git for-each-ref --format=%(refname)%00%(upstream:short)%00%(objectname)%00%(upstream:track)%00%(upstream:remotename)%00%(upstream:remoteref) refs/heads/main refs/remotes/main [2ms]
2024-03-03 22:16:10.178 [info] > git status -z -uall [2ms]
2024-03-03 22:16:29.114 [info] > git config --get commit.template [4ms]
2024-03-03 22:16:29.114 [info] > git for-each-ref --format=%(refname)%00%(upstream:short)%00%(objectname)%00%(upstream:track)%00%(upstream:remotename)%00%(upstream:remoteref) refs/heads/main refs/remotes/main [1ms]
2024-03-03 22:16:29.122 [info] > git status -z -uall [1ms]
2024-03-03 22:16:34.129 [info] > git config --get commit.template [0ms]
2024-03-03 22:16:34.134 [info] > git for-each-ref --format=%(refname)%00%(upstream:short)%00%(objectname)%00%(upstream:track)%00%(upstream:remotename)%00%(upstream:remoteref) refs/heads/main refs/remotes/main [1ms]
2024-03-03 22:16:34.137 [info] > git status -z -uall [0ms]
2024-03-03 22:17:44.798 [info] > git config --get commit.template [2ms]
2024-03-03 22:17:44.807 [info] > git for-each-ref --format=%(refname)%00%(upstream:short)%00%(objectname)%00%(upstream:track)%00%(upstream:remotename)%00%(upstream:remoteref) refs/heads/main refs/remotes/main [1ms]
2024-03-03 22:17:44.814 [info] > git status -z -uall [1ms]
2024-03-03 22:17:55.527 [info] > git config --get commit.template [1ms]
2024-03-03 22:17:55.532 [info] > git for-each-ref --format=%(refname)%00%(upstream:short)%00%(objectname)%00%(upstream:track)%00%(upstream:remotename)%00%(upstream:remoteref) refs/heads/main refs/remotes/main [1ms]
2024-03-03 22:17:55.540 [info] > git status -z -uall [2ms]
2024-03-03 22:20:19.530 [info] > git config --get commit.template [5ms]
2024-03-03 22:20:19.531 [info] > git for-each-ref --format=%(refname)%00%(upstream:short)%00%(objectname)%00%(upstream:track)%00%(upstream:remotename)%00%(upstream:remoteref) refs/heads/main refs/remotes/main [2ms]
2024-03-03 22:20:19.539 [info] > git status -z -uall [2ms]
2024-03-03 22:20:39.156 [info] > git config --get commit.template [4ms]
2024-03-03 22:20:39.157 [info] > git for-each-ref --format=%(refname)%00%(upstream:short)%00%(objectname)%00%(upstream:track)%00%(upstream:remotename)%00%(upstream:remoteref) refs/heads/main refs/remotes/main [2ms]
2024-03-03 22:20:39.164 [info] > git status -z -uall [1ms]
2024-03-03 22:22:18.673 [info] > git config --get commit.template [6ms]
2024-03-03 22:22:18.674 [info] > git for-each-ref --format=%(refname)%00%(upstream:short)%00%(objectname)%00%(upstream:track)%00%(upstream:remotename)%00%(upstream:remoteref) refs/heads/main refs/remotes/main [1ms]
2024-03-03 22:22:18.679 [info] > git status -z -uall [1ms]
2024-03-03 22:22:23.696 [info] > git config --get commit.template [7ms]
2024-03-03 22:22:23.697 [info] > git for-each-ref --format=%(refname)%00%(upstream:short)%00%(objectname)%00%(upstream:track)%00%(upstream:remotename)%00%(upstream:remoteref) refs/heads/main refs/remotes/main [2ms]
2024-03-03 22:22:23.704 [info] > git status -z -uall [2ms]
2024-03-03 22:22:56.163 [info] > git config --get commit.template [8ms]
2024-03-03 22:22:56.163 [info] > git for-each-ref --format=%(refname)%00%(upstream:short)%00%(objectname)%00%(upstream:track)%00%(upstream:remotename)%00%(upstream:remoteref) refs/heads/main refs/remotes/main [1ms]
2024-03-03 22:22:56.172 [info] > git status -z -uall [1ms]
2024-03-03 22:25:23.682 [info] > git config --get commit.template [7ms]
2024-03-03 22:25:23.682 [info] > git for-each-ref --format=%(refname)%00%(upstream:short)%00%(objectname)%00%(upstream:track)%00%(upstream:remotename)%00%(upstream:remoteref) refs/heads/main refs/remotes/main [1ms]
2024-03-03 22:25:23.690 [info] > git status -z -uall [1ms]
2024-03-03 22:29:51.823 [info] > git config --get commit.template [1ms]
2024-03-03 22:29:51.830 [info] > git for-each-ref --format=%(refname)%00%(upstream:short)%00%(objectname)%00%(upstream:track)%00%(upstream:remotename)%00%(upstream:remoteref) refs/heads/main refs/remotes/main [1ms]
2024-03-03 22:29:51.837 [info] > git status -z -uall [2ms]
2024-03-03 22:30:01.210 [info] > git config --get commit.template [7ms]
2024-03-03 22:30:01.211 [info] > git for-each-ref --format=%(refname)%00%(upstream:short)%00%(objectname)%00%(upstream:track)%00%(upstream:remotename)%00%(upstream:remoteref) refs/heads/main refs/remotes/main [2ms]
2024-03-03 22:30:01.218 [info] > git status -z -uall [1ms]
2024-03-03 22:38:17.401 [info] > git config --get commit.template [7ms]
2024-03-03 22:38:17.402 [info] > git for-each-ref --format=%(refname)%00%(upstream:short)%00%(objectname)%00%(upstream:track)%00%(upstream:remotename)%00%(upstream:remoteref) refs/heads/main refs/remotes/main [2ms]
2024-03-03 22:38:17.409 [info] > git status -z -uall [1ms]
2024-03-03 22:39:08.915 [info] > git config --get commit.template [7ms]
2024-03-03 22:39:08.915 [info] > git for-each-ref --format=%(refname)%00%(upstream:short)%00%(objectname)%00%(upstream:track)%00%(upstream:remotename)%00%(upstream:remoteref) refs/heads/main refs/remotes/main [1ms]
2024-03-03 22:39:08.923 [info] > git status -z -uall [2ms]
2024-03-03 22:39:14.882 [info] > git config --get commit.template [9ms]
2024-03-03 22:39:14.883 [info] > git for-each-ref --format=%(refname)%00%(upstream:short)%00%(objectname)%00%(upstream:track)%00%(upstream:remotename)%00%(upstream:remoteref) refs/heads/main refs/remotes/main [1ms]
2024-03-03 22:39:14.890 [info] > git status -z -uall [2ms]
2024-03-03 22:39:25.426 [info] > git config --get commit.template [1ms]
2024-03-03 22:39:25.431 [info] > git for-each-ref --format=%(refname)%00%(upstream:short)%00%(objectname)%00%(upstream:track)%00%(upstream:remotename)%00%(upstream:remoteref) refs/heads/main refs/remotes/main [1ms]
2024-03-03 22:39:25.435 [info] > git status -z -uall [1ms]
2024-03-03 22:39:30.445 [info] > git for-each-ref --format=%(refname)%00%(upstream:short)%00%(objectname)%00%(upstream:track)%00%(upstream:remotename)%00%(upstream:remoteref) refs/heads/main refs/remotes/main [0ms]
2024-03-03 22:39:30.445 [info] > git config --get commit.template [3ms]
2024-03-03 22:39:30.449 [info] > git status -z -uall [0ms]
2024-03-03 22:39:37.091 [info] > git config --get commit.template [6ms]
2024-03-03 22:39:37.091 [info] > git for-each-ref --format=%(refname)%00%(upstream:short)%00%(objectname)%00%(upstream:track)%00%(upstream:remotename)%00%(upstream:remoteref) refs/heads/main refs/remotes/main [1ms]
2024-03-03 22:39:37.095 [info] > git status -z -uall [2ms]
2024-03-03 22:39:42.109 [info] > git config --get commit.template [6ms]
2024-03-03 22:39:42.109 [info] > git for-each-ref --format=%(refname)%00%(upstream:short)%00%(objectname)%00%(upstream:track)%00%(upstream:remotename)%00%(upstream:remoteref) refs/heads/main refs/remotes/main [1ms]
2024-03-03 22:39:42.116 [info] > git status -z -uall [1ms]
2024-03-03 22:39:47.136 [info] > git config --get commit.template [8ms]
2024-03-03 22:39:47.136 [info] > git for-each-ref --format=%(refname)%00%(upstream:short)%00%(objectname)%00%(upstream:track)%00%(upstream:remotename)%00%(upstream:remoteref) refs/heads/main refs/remotes/main [1ms]
2024-03-03 22:39:47.143 [info] > git status -z -uall [1ms]
2024-03-03 22:50:43.982 [info] > git config --get commit.template [8ms]
2024-03-03 22:50:43.984 [info] > git for-each-ref --format=%(refname)%00%(upstream:short)%00%(objectname)%00%(upstream:track)%00%(upstream:remotename)%00%(upstream:remoteref) refs/heads/main refs/remotes/main [3ms]
2024-03-03 22:50:43.992 [info] > git status -z -uall [2ms]
2024-03-03 22:51:02.897 [info] > git config --get commit.template [2ms]
2024-03-03 22:51:02.905 [info] > git for-each-ref --format=%(refname)%00%(upstream:short)%00%(objectname)%00%(upstream:track)%00%(upstream:remotename)%00%(upstream:remoteref) refs/heads/main refs/remotes/main [1ms]
2024-03-03 22:51:02.912 [info] > git status -z -uall [1ms]
2024-03-03 22:51:07.926 [info] > git config --get commit.template [4ms]
2024-03-03 22:51:07.926 [info] > git for-each-ref --format=%(refname)%00%(upstream:short)%00%(objectname)%00%(upstream:track)%00%(upstream:remotename)%00%(upstream:remoteref) refs/heads/main refs/remotes/main [1ms]
2024-03-03 22:51:07.929 [info] > git status -z -uall [0ms]
2024-03-03 22:51:19.577 [info] > git check-ignore -v -z --stdin [1ms]
2024-03-03 22:51:20.152 [info] > git config --get commit.template [7ms]
2024-03-03 22:51:20.153 [info] > git for-each-ref --format=%(refname)%00%(upstream:short)%00%(objectname)%00%(upstream:track)%00%(upstream:remotename)%00%(upstream:remoteref) refs/heads/main refs/remotes/main [2ms]
2024-03-03 22:51:20.159 [info] > git status -z -uall [1ms]
2024-03-03 22:51:29.920 [info] > git config --get commit.template [7ms]
2024-03-03 22:51:29.921 [info] > git for-each-ref --format=%(refname)%00%(upstream:short)%00%(objectname)%00%(upstream:track)%00%(upstream:remotename)%00%(upstream:remoteref) refs/heads/main refs/remotes/main [1ms]
2024-03-03 22:51:29.928 [info] > git status -z -uall [1ms]
2024-03-03 22:51:34.948 [info] > git config --get commit.template [7ms]
2024-03-03 22:51:34.948 [info] > git for-each-ref --format=%(refname)%00%(upstream:short)%00%(objectname)%00%(upstream:track)%00%(upstream:remotename)%00%(upstream:remoteref) refs/heads/main refs/remotes/main [1ms]
2024-03-03 22:51:34.955 [info] > git status -z -uall [1ms]
2024-03-03 22:51:43.694 [info] > git config --get commit.template [7ms]
2024-03-03 22:51:43.695 [info] > git for-each-ref --format=%(refname)%00%(upstream:short)%00%(objectname)%00%(upstream:track)%00%(upstream:remotename)%00%(upstream:remoteref) refs/heads/main refs/remotes/main [2ms]
2024-03-03 22:51:43.703 [info] > git status -z -uall [2ms]
2024-03-03 22:51:48.843 [info] > git config --get commit.template [7ms]
2024-03-03 22:51:48.844 [info] > git for-each-ref --format=%(refname)%00%(upstream:short)%00%(objectname)%00%(upstream:track)%00%(upstream:remotename)%00%(upstream:remoteref) refs/heads/main refs/remotes/main [2ms]
2024-03-03 22:51:48.852 [info] > git status -z -uall [1ms]
2024-03-03 22:51:53.870 [info] > git config --get commit.template [7ms]
2024-03-03 22:51:53.871 [info] > git for-each-ref --format=%(refname)%00%(upstream:short)%00%(objectname)%00%(upstream:track)%00%(upstream:remotename)%00%(upstream:remoteref) refs/heads/main refs/remotes/main [2ms]
2024-03-03 22:51:53.876 [info] > git status -z -uall [1ms]
2024-03-03 22:52:01.025 [info] > git config --get commit.template [4ms]
2024-03-03 22:52:01.026 [info] > git for-each-ref --format=%(refname)%00%(upstream:short)%00%(objectname)%00%(upstream:track)%00%(upstream:remotename)%00%(upstream:remoteref) refs/heads/main refs/remotes/main [1ms]
2024-03-03 22:52:01.033 [info] > git status -z -uall [1ms]
2024-03-03 22:52:06.048 [info] > git config --get commit.template [5ms]
2024-03-03 22:52:06.048 [info] > git for-each-ref --format=%(refname)%00%(upstream:short)%00%(objectname)%00%(upstream:track)%00%(upstream:remotename)%00%(upstream:remoteref) refs/heads/main refs/remotes/main [1ms]
2024-03-03 22:52:06.056 [info] > git status -z -uall [2ms]
2024-03-03 23:07:04.449 [info] > git config --get commit.template [6ms]
2024-03-03 23:07:04.450 [info] > git for-each-ref --format=%(refname)%00%(upstream:short)%00%(objectname)%00%(upstream:track)%00%(upstream:remotename)%00%(upstream:remoteref) refs/heads/main refs/remotes/main [1ms]
2024-03-03 23:07:04.457 [info] > git status -z -uall [2ms]
2024-03-03 23:07:04.545 [info] > git ls-files --stage -- /home/erwan/hyprland-dots-files/Untitled-1.sh [1ms]
2024-03-03 23:07:04.552 [info] > git cat-file -s 226bb096ffe248b6f1db8d2a03d03d84bde4947c [2ms]
2024-03-03 23:07:04.561 [info] > git show --textconv :Untitled-1.sh [2ms]
2024-03-03 23:07:11.895 [info] > git config --get commit.template [7ms]
2024-03-03 23:07:11.895 [info] > git for-each-ref --format=%(refname)%00%(upstream:short)%00%(objectname)%00%(upstream:track)%00%(upstream:remotename)%00%(upstream:remoteref) refs/heads/main refs/remotes/main [1ms]
2024-03-03 23:07:11.902 [info] > git status -z -uall [1ms]
2024-03-03 23:07:11.991 [info] > git ls-files --stage -- /home/erwan/hyprland-dots-files/Untitled-1.sh [2ms]
2024-03-03 23:07:11.998 [info] > git cat-file -s 226bb096ffe248b6f1db8d2a03d03d84bde4947c [2ms]
2024-03-03 23:07:12.008 [info] > git show --textconv :Untitled-1.sh [2ms]
2024-03-03 23:12:21.129 [info] > git config --get commit.template [6ms]
2024-03-03 23:12:21.129 [info] > git for-each-ref --format=%(refname)%00%(upstream:short)%00%(objectname)%00%(upstream:track)%00%(upstream:remotename)%00%(upstream:remoteref) refs/heads/main refs/remotes/main [1ms]
2024-03-03 23:12:21.135 [warning] ENOENT: no such file or directory, open '/home/erwan/hyprland-dots-files/.git/refs/remotes/origin/main'
2024-03-03 23:12:21.137 [info] > git rev-parse refs/remotes/origin/main [1ms]
2024-03-03 23:12:21.137 [info] fatal: ambiguous argument 'refs/remotes/origin/main': unknown revision or path not in the working tree.
Use '--' to separate paths from revisions, like this:
'git <command> [<revision>...] -- [<file>...]'
2024-03-03 23:12:21.143 [info] > git status -z -uall [1ms]
2024-03-03 23:12:21.224 [info] > git ls-files --stage -- /home/erwan/hyprland-dots-files/Untitled-1.sh [2ms]
2024-03-03 23:12:21.231 [info] > git cat-file -s 226bb096ffe248b6f1db8d2a03d03d84bde4947c [1ms]
2024-03-03 23:12:21.241 [info] > git show --textconv :Untitled-1.sh [2ms]
