2024-03-04 20:21:13.644 [info] Log level: Info
2024-03-04 20:21:13.644 [info] Validating found git in: "git"
2024-03-04 20:21:13.644 [info] Using git "2.44.0" from "git"
2024-03-04 20:21:13.644 [info] > git rev-parse --show-toplevel [9ms]
2024-03-04 20:21:13.644 [info] fatal: not a git repository (or any of the parent directories): .git
2024-03-04 20:21:13.644 [info] > git rev-parse --show-toplevel [20ms]
2024-03-04 20:21:13.644 [info] fatal: not a git repository (or any of the parent directories): .git
2024-03-04 20:21:13.645 [info] > git rev-parse --show-toplevel [1ms]
2024-03-04 20:21:13.645 [info] fatal: not a git repository (or any of the parent directories): .git
2024-03-04 20:21:13.652 [info] > git rev-parse --show-toplevel [1ms]
2024-03-04 20:21:13.652 [info] fatal: not a git repository (or any of the parent directories): .git
2024-03-04 20:21:13.658 [info] > git rev-parse --show-toplevel [1ms]
2024-03-04 20:21:13.659 [info] fatal: not a git repository (or any of the parent directories): .git
2024-03-04 20:21:13.666 [info] > git rev-parse --show-toplevel [0ms]
2024-03-04 20:21:13.666 [info] fatal: not a git repository (or any of the parent directories): .git
2024-03-04 20:21:13.671 [info] > git rev-parse --show-toplevel [1ms]
2024-03-04 20:21:13.671 [info] fatal: not a git repository (or any of the parent directories): .git
2024-03-04 20:21:13.677 [info] > git rev-parse --show-toplevel [1ms]
2024-03-04 20:21:13.677 [info] fatal: not a git repository (or any of the parent directories): .git
2024-03-04 20:21:13.685 [info] > git rev-parse --show-toplevel [1ms]
2024-03-04 20:21:13.685 [info] fatal: not a git repository (or any of the parent directories): .git
2024-03-04 20:21:13.692 [info] > git rev-parse --show-toplevel [1ms]
2024-03-04 20:21:13.692 [info] fatal: not a git repository (or any of the parent directories): .git
2024-03-04 20:21:13.710 [info] > git rev-parse --show-toplevel [7ms]
2024-03-04 20:21:13.711 [info] fatal: not a git repository (or any of the parent directories): .git
2024-03-04 20:21:13.752 [info] > git rev-parse --show-toplevel [23ms]
2024-03-04 20:21:13.752 [info] fatal: not a git repository (or any of the parent directories): .git
2024-03-04 20:21:13.770 [info] > git rev-parse --show-toplevel [1ms]
2024-03-04 20:21:13.770 [info] fatal: not a git repository (or any of the parent directories): .git
2024-03-04 20:21:13.777 [info] > git rev-parse --show-toplevel [1ms]
2024-03-04 20:21:13.777 [info] fatal: not a git repository (or any of the parent directories): .git
2024-03-04 20:21:13.784 [info] > git rev-parse --show-toplevel [1ms]
2024-03-04 20:21:13.784 [info] fatal: not a git repository (or any of the parent directories): .git
2024-03-04 20:21:13.790 [info] > git rev-parse --show-toplevel [1ms]
2024-03-04 20:21:13.790 [info] fatal: not a git repository (or any of the parent directories): .git
2024-03-04 20:21:13.797 [info] > git rev-parse --show-toplevel [1ms]
2024-03-04 20:21:13.797 [info] fatal: not a git repository (or any of the parent directories): .git
2024-03-04 20:21:13.806 [info] > git rev-parse --show-toplevel [1ms]
2024-03-04 20:21:13.806 [info] fatal: not a git repository (or any of the parent directories): .git
2024-03-04 20:21:13.815 [info] > git rev-parse --show-toplevel [1ms]
2024-03-04 20:21:13.815 [info] fatal: not a git repository (or any of the parent directories): .git
2024-03-04 20:21:13.822 [info] > git rev-parse --show-toplevel [1ms]
2024-03-04 20:21:13.822 [info] fatal: not a git repository (or any of the parent directories): .git
2024-03-04 20:21:13.827 [info] > git rev-parse --show-toplevel [1ms]
2024-03-04 20:21:13.827 [info] fatal: not a git repository (or any of the parent directories): .git
2024-03-04 20:21:13.834 [info] > git rev-parse --show-toplevel [0ms]
2024-03-04 20:21:13.834 [info] fatal: not a git repository (or any of the parent directories): .git
2024-03-04 20:21:13.839 [info] > git rev-parse --show-toplevel [1ms]
2024-03-04 20:21:13.839 [info] fatal: not a git repository (or any of the parent directories): .git
2024-03-04 20:21:13.865 [info] > git rev-parse --show-toplevel [17ms]
2024-03-04 20:21:13.865 [info] fatal: not a git repository (or any of the parent directories): .git
2024-03-04 20:21:13.884 [info] > git rev-parse --show-toplevel [2ms]
2024-03-04 20:21:13.884 [info] fatal: not a git repository (or any of the parent directories): .git
2024-03-04 20:21:13.895 [info] > git rev-parse --show-toplevel [2ms]
2024-03-04 20:21:13.895 [info] fatal: not a git repository (or any of the parent directories): .git
2024-03-04 20:21:13.906 [info] > git rev-parse --show-toplevel [2ms]
2024-03-04 20:21:13.906 [info] fatal: not a git repository (or any of the parent directories): .git
2024-03-04 20:21:13.916 [info] > git rev-parse --show-toplevel [1ms]
2024-03-04 20:21:13.916 [info] fatal: not a git repository (or any of the parent directories): .git
2024-03-04 20:21:13.923 [info] > git rev-parse --show-toplevel [1ms]
2024-03-04 20:21:13.923 [info] fatal: not a git repository (or any of the parent directories): .git
2024-03-04 20:21:14.259 [info] > git rev-parse --show-toplevel [1ms]
2024-03-04 20:21:14.259 [info] fatal: not a git repository (or any of the parent directories): .git
2024-03-04 20:21:14.374 [info] > git rev-parse --show-toplevel [2ms]
2024-03-04 20:21:14.374 [info] fatal: not a git repository (or any of the parent directories): .git
2024-03-04 20:21:14.446 [info] > git rev-parse --show-toplevel [1ms]
2024-03-04 20:21:14.446 [info] fatal: not a git repository (or any of the parent directories): .git
2024-03-04 20:23:14.684 [info] > git rev-parse --show-toplevel [1ms]
2024-03-04 20:23:14.684 [info] fatal: not a git repository (or any of the parent directories): .git
2024-03-04 20:29:49.006 [info] > git rev-parse --show-toplevel [1ms]
2024-03-04 20:29:49.006 [info] fatal: not a git repository (or any of the parent directories): .git
2024-03-04 20:29:50.213 [info] > git rev-parse --show-toplevel [1ms]
2024-03-04 20:29:50.213 [info] fatal: not a git repository (or any of the parent directories): .git
2024-03-04 20:29:51.228 [info] > git rev-parse --show-toplevel [1ms]
2024-03-04 20:29:51.228 [info] fatal: not a git repository (or any of the parent directories): .git
2024-03-04 20:29:52.943 [info] > git rev-parse --show-toplevel [0ms]
2024-03-04 20:29:52.943 [info] fatal: not a git repository (or any of the parent directories): .git
2024-03-04 20:54:54.216 [info] > git rev-parse --show-toplevel [2ms]
2024-03-04 20:54:54.216 [info] fatal: not a git repository (or any of the parent directories): .git
2024-03-04 21:00:36.252 [info] > git rev-parse --show-toplevel [8ms]
2024-03-04 21:00:36.252 [info] fatal: not a git repository (or any of the parent directories): .git
2024-03-04 21:02:13.171 [info] > git rev-parse --show-toplevel [11ms]
2024-03-04 21:02:13.171 [info] fatal: not a git repository (or any of the parent directories): .git
2024-03-04 21:11:56.747 [info] > git rev-parse --show-toplevel [2ms]
2024-03-04 21:11:56.747 [info] fatal: not a git repository (or any of the parent directories): .git
2024-03-04 21:11:58.630 [info] > git rev-parse --show-toplevel [3ms]
2024-03-04 21:11:58.630 [info] fatal: not a git repository (or any of the parent directories): .git
