2024-03-04 20:06:40.329 [info] Log level: Info
2024-03-04 20:06:40.329 [info] Validating found git in: "git"
2024-03-04 20:06:40.329 [info] Using git "2.44.0" from "git"
2024-03-04 20:06:40.329 [info] > git rev-parse --show-toplevel [3ms]
2024-03-04 20:06:40.329 [info] fatal: not a git repository (or any of the parent directories): .git
2024-03-04 20:06:40.329 [info] > git rev-parse --show-toplevel [7ms]
2024-03-04 20:06:40.329 [info] fatal: not a git repository (or any of the parent directories): .git
2024-03-04 20:06:40.329 [info] > git rev-parse --show-toplevel [25ms]
2024-03-04 20:06:40.329 [info] fatal: not a git repository (or any of the parent directories): .git
2024-03-04 20:06:40.337 [info] > git rev-parse --show-toplevel [3ms]
2024-03-04 20:06:40.337 [info] fatal: not a git repository (or any of the parent directories): .git
2024-03-04 20:06:40.346 [info] > git rev-parse --show-toplevel [1ms]
2024-03-04 20:06:40.346 [info] fatal: not a git repository (or any of the parent directories): .git
2024-03-04 20:06:40.353 [info] > git rev-parse --show-toplevel [1ms]
2024-03-04 20:06:40.353 [info] fatal: not a git repository (or any of the parent directories): .git
2024-03-04 20:06:40.380 [info] > git rev-parse --show-toplevel [18ms]
2024-03-04 20:06:40.380 [info] fatal: not a git repository (or any of the parent directories): .git
2024-03-04 20:06:40.393 [info] > git rev-parse --show-toplevel [4ms]
2024-03-04 20:06:40.394 [info] fatal: not a git repository (or any of the parent directories): .git
2024-03-04 20:06:40.403 [info] > git rev-parse --show-toplevel [1ms]
2024-03-04 20:06:40.403 [info] fatal: not a git repository (or any of the parent directories): .git
2024-03-04 20:06:40.412 [info] > git rev-parse --show-toplevel [1ms]
2024-03-04 20:06:40.412 [info] fatal: not a git repository (or any of the parent directories): .git
2024-03-04 20:06:40.419 [info] > git rev-parse --show-toplevel [2ms]
2024-03-04 20:06:40.419 [info] fatal: not a git repository (or any of the parent directories): .git
2024-03-04 20:06:40.430 [info] > git rev-parse --show-toplevel [2ms]
2024-03-04 20:06:40.430 [info] fatal: not a git repository (or any of the parent directories): .git
2024-03-04 20:06:40.438 [info] > git rev-parse --show-toplevel [1ms]
2024-03-04 20:06:40.438 [info] fatal: not a git repository (or any of the parent directories): .git
2024-03-04 20:06:40.450 [info] > git rev-parse --show-toplevel [1ms]
2024-03-04 20:06:40.450 [info] fatal: not a git repository (or any of the parent directories): .git
2024-03-04 20:06:40.460 [info] > git rev-parse --show-toplevel [2ms]
2024-03-04 20:06:40.460 [info] fatal: not a git repository (or any of the parent directories): .git
2024-03-04 20:06:40.466 [info] > git rev-parse --show-toplevel [1ms]
2024-03-04 20:06:40.466 [info] fatal: not a git repository (or any of the parent directories): .git
2024-03-04 20:06:40.475 [info] > git rev-parse --show-toplevel [3ms]
2024-03-04 20:06:40.475 [info] fatal: not a git repository (or any of the parent directories): .git
2024-03-04 20:06:40.484 [info] > git rev-parse --show-toplevel [2ms]
2024-03-04 20:06:40.484 [info] fatal: not a git repository (or any of the parent directories): .git
2024-03-04 20:06:40.496 [info] > git rev-parse --show-toplevel [2ms]
2024-03-04 20:06:40.496 [info] fatal: not a git repository (or any of the parent directories): .git
2024-03-04 20:06:40.507 [info] > git rev-parse --show-toplevel [3ms]
2024-03-04 20:06:40.507 [info] fatal: not a git repository (or any of the parent directories): .git
2024-03-04 20:06:40.520 [info] > git rev-parse --show-toplevel [2ms]
2024-03-04 20:06:40.520 [info] fatal: not a git repository (or any of the parent directories): .git
2024-03-04 20:06:40.534 [info] > git rev-parse --show-toplevel [3ms]
2024-03-04 20:06:40.534 [info] fatal: not a git repository (or any of the parent directories): .git
2024-03-04 20:06:40.549 [info] > git rev-parse --show-toplevel [4ms]
2024-03-04 20:06:40.549 [info] fatal: not a git repository (or any of the parent directories): .git
2024-03-04 20:06:40.561 [info] > git rev-parse --show-toplevel [1ms]
2024-03-04 20:06:40.561 [info] fatal: not a git repository (or any of the parent directories): .git
2024-03-04 20:06:40.572 [info] > git rev-parse --show-toplevel [2ms]
2024-03-04 20:06:40.572 [info] fatal: not a git repository (or any of the parent directories): .git
2024-03-04 20:06:40.585 [info] > git rev-parse --show-toplevel [1ms]
2024-03-04 20:06:40.585 [info] fatal: not a git repository (or any of the parent directories): .git
2024-03-04 20:06:40.598 [info] > git rev-parse --show-toplevel [2ms]
2024-03-04 20:06:40.598 [info] fatal: not a git repository (or any of the parent directories): .git
2024-03-04 20:06:40.611 [info] > git rev-parse --show-toplevel [2ms]
2024-03-04 20:06:40.611 [info] fatal: not a git repository (or any of the parent directories): .git
2024-03-04 20:06:40.628 [info] > git rev-parse --show-toplevel [4ms]
2024-03-04 20:06:40.628 [info] fatal: not a git repository (or any of the parent directories): .git
2024-03-04 20:06:40.662 [info] > git rev-parse --show-toplevel [2ms]
2024-03-04 20:06:40.662 [info] fatal: not a git repository (or any of the parent directories): .git
2024-03-04 20:06:40.873 [info] > git rev-parse --show-toplevel [2ms]
2024-03-04 20:06:40.873 [info] fatal: not a git repository (or any of the parent directories): .git
2024-03-04 20:07:09.113 [info] > git rev-parse --show-toplevel [1ms]
2024-03-04 20:07:09.113 [info] fatal: not a git repository (or any of the parent directories): .git
