2024-03-04 21:00:35.009 [info] Getting Manifest... esbenp.prettier-vscode
2024-03-04 21:00:35.118 [info] Installing extension: esbenp.prettier-vscode
2024-03-04 21:00:35.972 [info] Extension signature verification is not done: esbenp.prettier-vscode
2024-03-04 21:00:36.083 [info] Extracted extension to file:///home/erwan/.vscode-oss/extensions/esbenp.prettier-vscode-10.1.0-universal: esbenp.prettier-vscode
2024-03-04 21:00:36.088 [info] Renamed to /home/erwan/.vscode-oss/extensions/esbenp.prettier-vscode-10.1.0-universal
2024-03-04 21:00:36.090 [info] Extracting extension completed. esbenp.prettier-vscode
2024-03-04 21:00:36.101 [info] Extension installed successfully: esbenp.prettier-vscode
2024-03-04 21:00:36.162 [error] [uncaught exception in sharedProcess]: Error: ENOENT: no such file or directory, stat '/home/erwan/.vscode-oss/extensions/extensions.json.vsctmp': EntryNotFound (FileSystemError): Error: ENOENT: no such file or directory, stat '/home/erwan/.vscode-oss/extensions/extensions.json.vsctmp'
    at r.create (/opt/vscodium-bin/resources/app/out/vs/code/node/sharedProcess/sharedProcessMain.js:51:35852)
    at a (/opt/vscodium-bin/resources/app/out/vs/code/node/sharedProcess/sharedProcessMain.js:51:35986)
    at s.toFileSystemProviderError (/opt/vscodium-bin/resources/app/out/vs/code/node/sharedProcess/sharedProcessMain.js:56:47852)
    at s.stat (/opt/vscodium-bin/resources/app/out/vs/code/node/sharedProcess/sharedProcessMain.js:56:38447)
    at async C.stat (/opt/vscodium-bin/resources/app/out/vs/code/node/sharedProcess/sharedProcessMain.js:56:20932)
    at async Y.onDidFilesChange (/opt/vscodium-bin/resources/app/out/vs/code/node/sharedProcess/sharedProcessMain.js:100:138138)
2024-03-04 21:02:12.446 [info] Getting Manifest... usernamehw.errorlens
2024-03-04 21:02:12.560 [info] Installing extension: usernamehw.errorlens
2024-03-04 21:02:13.070 [info] Extension signature verification is not done: usernamehw.errorlens
2024-03-04 21:02:13.080 [info] Extracted extension to file:///home/erwan/.vscode-oss/extensions/usernamehw.errorlens-3.16.0-universal: usernamehw.errorlens
2024-03-04 21:02:13.083 [info] Renamed to /home/erwan/.vscode-oss/extensions/usernamehw.errorlens-3.16.0-universal
2024-03-04 21:02:13.085 [info] Extracting extension completed. usernamehw.errorlens
2024-03-04 21:02:13.089 [info] Extension installed successfully: usernamehw.errorlens
2024-03-04 21:02:13.167 [error] [uncaught exception in sharedProcess]: Error: ENOENT: no such file or directory, stat '/home/erwan/.vscode-oss/extensions/extensions.json.vsctmp': EntryNotFound (FileSystemError): Error: ENOENT: no such file or directory, stat '/home/erwan/.vscode-oss/extensions/extensions.json.vsctmp'
    at r.create (/opt/vscodium-bin/resources/app/out/vs/code/node/sharedProcess/sharedProcessMain.js:51:35852)
    at a (/opt/vscodium-bin/resources/app/out/vs/code/node/sharedProcess/sharedProcessMain.js:51:35986)
    at s.toFileSystemProviderError (/opt/vscodium-bin/resources/app/out/vs/code/node/sharedProcess/sharedProcessMain.js:56:47852)
    at s.stat (/opt/vscodium-bin/resources/app/out/vs/code/node/sharedProcess/sharedProcessMain.js:56:38447)
    at async C.stat (/opt/vscodium-bin/resources/app/out/vs/code/node/sharedProcess/sharedProcessMain.js:56:20932)
    at async Y.onDidFilesChange (/opt/vscodium-bin/resources/app/out/vs/code/node/sharedProcess/sharedProcessMain.js:100:138138)
