2024-03-03 21:46:35.046 [info] Added views:workbench.panel.markers.view in workbench.panel.markers
2024-03-03 21:46:35.046 [info] Added views:workbench.panel.output in workbench.panel.output
2024-03-03 21:46:35.046 [info] Added views:terminal in terminal
2024-03-03 21:46:35.046 [info] Added views:outline in workbench.view.explorer
2024-03-03 21:46:35.046 [info] Added views:workbench.scm in workbench.view.scm
2024-03-03 21:46:35.046 [info] Added views:workbench.view.search in workbench.view.search
2024-03-03 21:46:35.046 [info] Added views:timeline in workbench.view.explorer
2024-03-03 21:46:35.046 [info] Added views:workbench.explorer.emptyView in workbench.view.explorer
2024-03-03 21:46:35.536 [info] Added views:workbench.debug.variablesView,workbench.debug.watchExpressionsView,workbench.debug.callStackView,workbench.debug.breakPointsView in workbench.view.debug
2024-03-03 21:46:35.738 [info] Added views:workbench.panel.repl.view in workbench.panel.repl
2024-03-03 21:46:35.740 [info] Removed views:workbench.debug.breakPointsView,workbench.debug.callStackView,workbench.debug.watchExpressionsView,workbench.debug.variablesView from workbench.view.debug
2024-03-03 21:46:35.740 [info] Added views:workbench.debug.welcome in workbench.view.debug
2024-03-03 21:46:35.765 [info] Added views:~remote.forwardedPorts in ~remote.forwardedPortsContainer
2024-03-03 21:47:01.443 [info] Added views:workbench.panel.markers.view in workbench.panel.markers
2024-03-03 21:47:01.443 [info] Added views:workbench.panel.output in workbench.panel.output
2024-03-03 21:47:01.443 [info] Added views:terminal in terminal
2024-03-03 21:47:01.443 [info] Added views:outline in workbench.view.explorer
2024-03-03 21:47:01.443 [info] Added views:workbench.scm in workbench.view.scm
2024-03-03 21:47:01.443 [info] Added views:workbench.view.search in workbench.view.search
2024-03-03 21:47:01.443 [info] Added views:timeline in workbench.view.explorer
2024-03-03 21:47:01.443 [info] Added views:workbench.explorer.fileView in workbench.view.explorer
2024-03-03 21:47:01.891 [info] Added views:workbench.debug.variablesView,workbench.debug.watchExpressionsView,workbench.debug.callStackView,workbench.debug.breakPointsView in workbench.view.debug
2024-03-03 21:47:01.906 [info] Added views:workbench.panel.repl.view in workbench.panel.repl
2024-03-03 21:47:01.907 [info] Removed views:workbench.debug.breakPointsView,workbench.debug.callStackView,workbench.debug.watchExpressionsView,workbench.debug.variablesView from workbench.view.debug
2024-03-03 21:47:01.908 [info] Added views:workbench.debug.welcome in workbench.view.debug
2024-03-03 21:47:01.940 [info] Added views:~remote.forwardedPorts in ~remote.forwardedPortsContainer
