2024-03-04 20:21:31.462 [info] Extension host with pid 2823 started
2024-03-04 20:21:31.486 [info] ExtensionService#_doActivateExtension vscode.git-base, startup: true, activationEvent: '*', root cause: vscode.git
2024-03-04 20:21:31.506 [info] ExtensionService#_doActivateExtension vscode.git, startup: true, activationEvent: '*'
2024-03-04 20:21:31.538 [info] ExtensionService#_doActivateExtension vscode.github, startup: true, activationEvent: '*'
2024-03-04 20:21:31.607 [info] Eager extensions activated
2024-03-04 20:21:31.640 [info] ExtensionService#_doActivateExtension vscode.debug-auto-launch, startup: false, activationEvent: 'onStartupFinished'
2024-03-04 20:21:31.643 [info] ExtensionService#_doActivateExtension vscode.merge-conflict, startup: false, activationEvent: 'onStartupFinished'
2024-03-04 20:21:31.654 [info] ExtensionService#_doActivateExtension PKief.material-icon-theme, startup: false, activationEvent: 'onStartupFinished'
2024-03-04 20:21:42.554 [info] Extension host terminating: renderer closed the MessagePort
2024-03-04 20:21:42.561 [info] Extension host with pid 2823 exiting with code 0
2024-03-04 20:21:43.622 [info] Extension host with pid 2918 started
2024-03-04 20:21:43.623 [info] Skipping acquiring lock for /home/erwan/.config/VSCodium/User/workspaceStorage/fcc25950eced5433890593742197595f.
2024-03-04 20:21:43.818 [info] ExtensionService#_doActivateExtension vscode.emmet, startup: false, activationEvent: 'onLanguage'
2024-03-04 20:21:43.871 [info] ExtensionService#_doActivateExtension vscode.git-base, startup: true, activationEvent: '*', root cause: vscode.git
2024-03-04 20:21:43.910 [info] ExtensionService#_doActivateExtension vscode.git, startup: true, activationEvent: '*'
2024-03-04 20:21:43.940 [info] ExtensionService#_doActivateExtension vscode.github, startup: true, activationEvent: '*'
2024-03-04 20:21:43.990 [info] Eager extensions activated
2024-03-04 20:21:44.024 [info] ExtensionService#_doActivateExtension vscode.debug-auto-launch, startup: false, activationEvent: 'onStartupFinished'
2024-03-04 20:21:44.029 [info] ExtensionService#_doActivateExtension vscode.merge-conflict, startup: false, activationEvent: 'onStartupFinished'
2024-03-04 20:21:44.038 [info] ExtensionService#_doActivateExtension PKief.material-icon-theme, startup: false, activationEvent: 'onStartupFinished'
2024-03-04 20:21:44.228 [info] ExtensionService#_doActivateExtension vscode.github-authentication, startup: false, activationEvent: 'onAuthenticationRequest:github'
2024-03-04 21:00:36.153 [info] ExtensionService#_doActivateExtension esbenp.prettier-vscode, startup: false, activationEvent: 'onStartupFinished'
2024-03-04 21:02:13.221 [info] ExtensionService#_doActivateExtension usernamehw.errorlens, startup: false, activationEvent: 'onStartupFinished'
