2024-03-04 20:21:30.940 [info] Added views:workbench.panel.markers.view in workbench.panel.markers
2024-03-04 20:21:30.940 [info] Added views:workbench.panel.output in workbench.panel.output
2024-03-04 20:21:30.940 [info] Added views:terminal in terminal
2024-03-04 20:21:30.940 [info] Added views:outline in workbench.view.explorer
2024-03-04 20:21:30.940 [info] Added views:workbench.scm in workbench.view.scm
2024-03-04 20:21:30.940 [info] Added views:workbench.view.search in workbench.view.search
2024-03-04 20:21:30.940 [info] Added views:timeline in workbench.view.explorer
2024-03-04 20:21:30.940 [info] Added views:workbench.explorer.emptyView in workbench.view.explorer
2024-03-04 20:21:31.394 [info] Added views:workbench.debug.variablesView,workbench.debug.watchExpressionsView,workbench.debug.callStackView,workbench.debug.breakPointsView in workbench.view.debug
2024-03-04 20:21:31.483 [info] Added views:workbench.panel.repl.view in workbench.panel.repl
2024-03-04 20:21:31.484 [info] Removed views:workbench.debug.breakPointsView,workbench.debug.callStackView,workbench.debug.watchExpressionsView,workbench.debug.variablesView from workbench.view.debug
2024-03-04 20:21:31.485 [info] Added views:workbench.debug.welcome in workbench.view.debug
2024-03-04 20:21:31.530 [info] Added views:~remote.forwardedPorts in ~remote.forwardedPortsContainer
2024-03-04 20:21:43.052 [info] Added views:workbench.panel.markers.view in workbench.panel.markers
2024-03-04 20:21:43.052 [info] Added views:workbench.panel.output in workbench.panel.output
2024-03-04 20:21:43.052 [info] Added views:terminal in terminal
2024-03-04 20:21:43.052 [info] Added views:outline in workbench.view.explorer
2024-03-04 20:21:43.052 [info] Added views:workbench.scm in workbench.view.scm
2024-03-04 20:21:43.052 [info] Added views:workbench.view.search in workbench.view.search
2024-03-04 20:21:43.052 [info] Added views:timeline in workbench.view.explorer
2024-03-04 20:21:43.052 [info] Added views:workbench.explorer.fileView in workbench.view.explorer
2024-03-04 20:21:43.234 [info] Added views:workbench.debug.welcome in workbench.view.debug
2024-03-04 20:21:43.819 [info] Added views:workbench.panel.repl.view in workbench.panel.repl
2024-03-04 20:21:44.259 [info] Added views:~remote.forwardedPorts in ~remote.forwardedPortsContainer
