2024-03-03 21:47:02.333 [info] Reading sessions from keychain...
2024-03-03 21:47:02.333 [info] Getting sessions for all scopes...
2024-03-03 21:47:02.333 [info] Got 0 sessions for ...
2024-03-03 21:47:02.338 [info] Getting sessions for read:user,repo,user:email,workflow...
2024-03-03 21:47:02.338 [info] Got 0 sessions for read:user,repo,user:email,workflow...
2024-03-03 21:47:02.352 [info] Getting sessions for all scopes...
2024-03-03 21:47:02.352 [info] Got 0 sessions for ...
2024-03-03 23:12:26.453 [info] Getting sessions for read:user,repo,user:email,workflow...
2024-03-03 23:12:26.453 [info] Got 0 sessions for read:user,repo,user:email,workflow...
2024-03-03 23:12:29.728 [info] Logging in for the following scopes: read:user repo user:email workflow
2024-03-03 23:12:29.748 [info] Trying device code flow... (read:user repo user:email workflow)
2024-03-03 23:13:47.310 [info] Getting user info...
2024-03-03 23:13:47.694 [info] Got account info!
2024-03-03 23:13:47.694 [info] Storing 1 sessions...
2024-03-03 23:14:00.762 [info] Reading sessions from keychain...
2024-03-03 23:14:00.762 [info] Stored 1 sessions!
2024-03-03 23:14:00.763 [info] Login success!
2024-03-03 23:14:00.803 [info] Got stored sessions!
2024-03-03 23:14:00.803 [info] Got 1 verified sessions.
2024-03-03 23:14:01.060 [info] Getting sessions for read:user,repo,user:email,workflow...
2024-03-03 23:14:01.060 [info] Got 1 sessions for read:user,repo,user:email,workflow...
