2024-03-04 20:17:29.546 [info] Log level: Info
2024-03-04 20:17:29.546 [info] Validating found git in: "git"
2024-03-04 20:17:29.546 [info] Using git "2.44.0" from "git"
2024-03-04 20:17:29.552 [info] > git rev-parse --show-toplevel [8ms]
2024-03-04 20:17:29.552 [info] fatal: not a git repository (or any of the parent directories): .git
2024-03-04 20:17:29.601 [info] > git rev-parse --show-toplevel [35ms]
2024-03-04 20:17:29.602 [info] fatal: not a git repository (or any of the parent directories): .git
2024-03-04 20:17:29.663 [info] > git rev-parse --show-toplevel [4ms]
2024-03-04 20:17:29.663 [info] fatal: not a git repository (or any of the parent directories): .git
2024-03-04 20:17:29.681 [info] > git rev-parse --show-toplevel [4ms]
2024-03-04 20:17:29.681 [info] fatal: not a git repository (or any of the parent directories): .git
2024-03-04 20:17:29.701 [info] > git rev-parse --show-toplevel [2ms]
2024-03-04 20:17:29.701 [info] fatal: not a git repository (or any of the parent directories): .git
2024-03-04 20:17:29.713 [info] > git rev-parse --show-toplevel [2ms]
2024-03-04 20:17:29.713 [info] fatal: not a git repository (or any of the parent directories): .git
2024-03-04 20:17:29.724 [info] > git rev-parse --show-toplevel [2ms]
2024-03-04 20:17:29.724 [info] fatal: not a git repository (or any of the parent directories): .git
2024-03-04 20:17:29.736 [info] > git rev-parse --show-toplevel [1ms]
2024-03-04 20:17:29.736 [info] fatal: not a git repository (or any of the parent directories): .git
2024-03-04 20:17:29.752 [info] > git rev-parse --show-toplevel [2ms]
2024-03-04 20:17:29.752 [info] fatal: not a git repository (or any of the parent directories): .git
2024-03-04 20:17:29.766 [info] > git rev-parse --show-toplevel [3ms]
2024-03-04 20:17:29.766 [info] fatal: not a git repository (or any of the parent directories): .git
2024-03-04 20:17:29.775 [info] > git rev-parse --show-toplevel [2ms]
2024-03-04 20:17:29.775 [info] fatal: not a git repository (or any of the parent directories): .git
2024-03-04 20:17:29.783 [info] > git rev-parse --show-toplevel [2ms]
2024-03-04 20:17:29.783 [info] fatal: not a git repository (or any of the parent directories): .git
2024-03-04 20:17:29.796 [info] > git rev-parse --show-toplevel [1ms]
2024-03-04 20:17:29.796 [info] fatal: not a git repository (or any of the parent directories): .git
2024-03-04 20:17:29.807 [info] > git rev-parse --show-toplevel [2ms]
2024-03-04 20:17:29.807 [info] fatal: not a git repository (or any of the parent directories): .git
2024-03-04 20:17:29.815 [info] > git rev-parse --show-toplevel [2ms]
2024-03-04 20:17:29.815 [info] fatal: not a git repository (or any of the parent directories): .git
2024-03-04 20:17:29.828 [info] > git rev-parse --show-toplevel [1ms]
2024-03-04 20:17:29.828 [info] fatal: not a git repository (or any of the parent directories): .git
2024-03-04 20:17:29.839 [info] > git rev-parse --show-toplevel [2ms]
2024-03-04 20:17:29.839 [info] fatal: not a git repository (or any of the parent directories): .git
2024-03-04 20:17:29.848 [info] > git rev-parse --show-toplevel [2ms]
2024-03-04 20:17:29.848 [info] fatal: not a git repository (or any of the parent directories): .git
2024-03-04 20:17:29.861 [info] > git rev-parse --show-toplevel [1ms]
2024-03-04 20:17:29.861 [info] fatal: not a git repository (or any of the parent directories): .git
2024-03-04 20:17:29.876 [info] > git rev-parse --show-toplevel [3ms]
2024-03-04 20:17:29.876 [info] fatal: not a git repository (or any of the parent directories): .git
2024-03-04 20:17:29.892 [info] > git rev-parse --show-toplevel [3ms]
2024-03-04 20:17:29.892 [info] fatal: not a git repository (or any of the parent directories): .git
2024-03-04 20:17:29.904 [info] > git rev-parse --show-toplevel [3ms]
2024-03-04 20:17:29.904 [info] fatal: not a git repository (or any of the parent directories): .git
2024-03-04 20:17:29.920 [info] > git rev-parse --show-toplevel [4ms]
2024-03-04 20:17:29.920 [info] fatal: not a git repository (or any of the parent directories): .git
2024-03-04 20:17:29.935 [info] > git rev-parse --show-toplevel [1ms]
2024-03-04 20:17:29.936 [info] fatal: not a git repository (or any of the parent directories): .git
2024-03-04 20:17:29.951 [info] > git rev-parse --show-toplevel [3ms]
2024-03-04 20:17:29.951 [info] fatal: not a git repository (or any of the parent directories): .git
2024-03-04 20:17:29.964 [info] > git rev-parse --show-toplevel [2ms]
2024-03-04 20:17:29.964 [info] fatal: not a git repository (or any of the parent directories): .git
2024-03-04 20:17:29.977 [info] > git rev-parse --show-toplevel [3ms]
2024-03-04 20:17:29.977 [info] fatal: not a git repository (or any of the parent directories): .git
2024-03-04 20:17:29.995 [info] > git rev-parse --show-toplevel [1ms]
2024-03-04 20:17:29.995 [info] fatal: not a git repository (or any of the parent directories): .git
2024-03-04 20:17:30.007 [info] > git rev-parse --show-toplevel [1ms]
2024-03-04 20:17:30.007 [info] fatal: not a git repository (or any of the parent directories): .git
2024-03-04 20:17:30.066 [info] > git rev-parse --show-toplevel [3ms]
2024-03-04 20:17:30.066 [info] fatal: not a git repository (or any of the parent directories): .git
2024-03-04 20:17:30.206 [info] > git rev-parse --show-toplevel [3ms]
2024-03-04 20:17:30.206 [info] fatal: not a git repository (or any of the parent directories): .git
