2024-03-03 23:02:52.107 [info] Log level: Info
2024-03-03 23:02:52.107 [info] Validating found git in: "git"
2024-03-03 23:02:52.107 [info] Using git "2.44.0" from "git"
2024-03-03 23:02:52.107 [info] > git rev-parse --show-toplevel [4ms]
2024-03-03 23:02:52.107 [info] fatal: not a git repository (or any of the parent directories): .git
2024-03-03 23:02:52.107 [info] > git rev-parse --show-toplevel [3ms]
2024-03-03 23:02:52.107 [info] fatal: not a git repository (or any of the parent directories): .git
2024-03-03 23:02:52.107 [info] > git rev-parse --show-toplevel [21ms]
2024-03-03 23:02:52.107 [info] fatal: not a git repository (or any of the parent directories): .git
2024-03-03 23:02:52.120 [info] > git rev-parse --show-toplevel [2ms]
2024-03-03 23:02:52.120 [info] fatal: not a git repository (or any of the parent directories): .git
2024-03-03 23:02:52.130 [info] > git rev-parse --show-toplevel [1ms]
2024-03-03 23:02:52.130 [info] fatal: not a git repository (or any of the parent directories): .git
2024-03-03 23:02:52.141 [info] > git rev-parse --show-toplevel [2ms]
2024-03-03 23:02:52.141 [info] fatal: not a git repository (or any of the parent directories): .git
2024-03-03 23:02:52.151 [info] > git rev-parse --show-toplevel [1ms]
2024-03-03 23:02:52.151 [info] fatal: not a git repository (or any of the parent directories): .git
2024-03-03 23:02:52.161 [info] > git rev-parse --show-toplevel [1ms]
2024-03-03 23:02:52.161 [info] fatal: not a git repository (or any of the parent directories): .git
2024-03-03 23:02:52.174 [info] > git rev-parse --show-toplevel [2ms]
2024-03-03 23:02:52.174 [info] fatal: not a git repository (or any of the parent directories): .git
2024-03-03 23:02:52.185 [info] > git rev-parse --show-toplevel [2ms]
2024-03-03 23:02:52.185 [info] fatal: not a git repository (or any of the parent directories): .git
2024-03-03 23:02:52.192 [info] > git rev-parse --show-toplevel [1ms]
2024-03-03 23:02:52.193 [info] fatal: not a git repository (or any of the parent directories): .git
2024-03-03 23:02:52.205 [info] > git rev-parse --show-toplevel [2ms]
2024-03-03 23:02:52.205 [info] fatal: not a git repository (or any of the parent directories): .git
2024-03-03 23:02:52.219 [info] > git rev-parse --show-toplevel [2ms]
2024-03-03 23:02:52.219 [info] fatal: not a git repository (or any of the parent directories): .git
2024-03-03 23:02:52.226 [info] > git rev-parse --show-toplevel [1ms]
2024-03-03 23:02:52.226 [info] fatal: not a git repository (or any of the parent directories): .git
2024-03-03 23:02:52.236 [info] > git rev-parse --show-toplevel [2ms]
2024-03-03 23:02:52.237 [info] fatal: not a git repository (or any of the parent directories): .git
2024-03-03 23:02:52.244 [info] > git rev-parse --show-toplevel [1ms]
2024-03-03 23:02:52.244 [info] fatal: not a git repository (or any of the parent directories): .git
2024-03-03 23:02:52.254 [info] > git rev-parse --show-toplevel [1ms]
2024-03-03 23:02:52.254 [info] fatal: not a git repository (or any of the parent directories): .git
2024-03-03 23:02:52.266 [info] > git rev-parse --show-toplevel [6ms]
2024-03-03 23:02:52.267 [info] fatal: not a git repository (or any of the parent directories): .git
2024-03-03 23:02:52.276 [info] > git rev-parse --show-toplevel [2ms]
2024-03-03 23:02:52.276 [info] fatal: not a git repository (or any of the parent directories): .git
2024-03-03 23:02:52.289 [info] > git rev-parse --show-toplevel [2ms]
2024-03-03 23:02:52.289 [info] fatal: not a git repository (or any of the parent directories): .git
2024-03-03 23:02:52.302 [info] > git rev-parse --show-toplevel [2ms]
2024-03-03 23:02:52.302 [info] fatal: not a git repository (or any of the parent directories): .git
2024-03-03 23:02:52.315 [info] > git rev-parse --show-toplevel [1ms]
2024-03-03 23:02:52.315 [info] fatal: not a git repository (or any of the parent directories): .git
2024-03-03 23:02:52.324 [info] > git rev-parse --show-toplevel [1ms]
2024-03-03 23:02:52.325 [info] fatal: not a git repository (or any of the parent directories): .git
2024-03-03 23:02:52.335 [info] > git rev-parse --show-toplevel [2ms]
2024-03-03 23:02:52.335 [info] fatal: not a git repository (or any of the parent directories): .git
2024-03-03 23:02:52.343 [info] > git rev-parse --show-toplevel [1ms]
2024-03-03 23:02:52.343 [info] fatal: not a git repository (or any of the parent directories): .git
2024-03-03 23:02:52.353 [info] > git rev-parse --show-toplevel [1ms]
2024-03-03 23:02:52.353 [info] fatal: not a git repository (or any of the parent directories): .git
2024-03-03 23:02:52.364 [info] > git rev-parse --show-toplevel [1ms]
2024-03-03 23:02:52.364 [info] fatal: not a git repository (or any of the parent directories): .git
2024-03-03 23:02:52.372 [info] > git rev-parse --show-toplevel [1ms]
2024-03-03 23:02:52.372 [info] fatal: not a git repository (or any of the parent directories): .git
2024-03-03 23:02:52.381 [info] > git rev-parse --show-toplevel [2ms]
2024-03-03 23:02:52.381 [info] fatal: not a git repository (or any of the parent directories): .git
2024-03-03 23:02:52.535 [info] > git rev-parse --show-toplevel [2ms]
2024-03-03 23:02:52.535 [info] fatal: not a git repository (or any of the parent directories): .git
